This is pdfTeX, Version 3.141592653-2.6-1.40.26 (TeX Live 2024) (preloaded format=latex 2024.6.5)  18 SEP 2024 14:17
entering extended mode
 restricted \write18 enabled.
 %&-line parsing enabled.
**_formulas_dark
(./_formulas_dark.tex
LaTeX2e <2023-11-01> patch level 1
L3 programming layer <2024-02-20>
(/usr/local/texlive/2024/texmf-dist/tex/latex/base/article.cls
Document Class: article 2023/05/17 v1.4n Standard LaTeX document class
(/usr/local/texlive/2024/texmf-dist/tex/latex/base/size10.clo
File: size10.clo 2023/05/17 v1.4n Standard LaTeX file (size option)
)
\c@part=\count188
\c@section=\count189
\c@subsection=\count190
\c@subsubsection=\count191
\c@paragraph=\count192
\c@subparagraph=\count193
\c@figure=\count194
\c@table=\count195
\abovecaptionskip=\skip48
\belowcaptionskip=\skip49
\bibindent=\dimen140
) (/usr/local/texlive/2024/texmf-dist/tex/generic/iftex/iftex.sty
Package: iftex 2022/02/03 v1.0f TeX engine tests
) (/usr/local/texlive/2024/texmf-dist/tex/latex/base/ifthen.sty
Package: ifthen 2022/04/13 v1.1d Standard LaTeX ifthen package (DPC)
) (/usr/local/texlive/2024/texmf-dist/tex/latex/graphics/epsfig.sty
Package: epsfig 2017/06/25 v1.7b (e)psfig emulation (SPQR)
(/usr/local/texlive/2024/texmf-dist/tex/latex/graphics/graphicx.sty
Package: graphicx 2021/09/16 v1.2d Enhanced LaTeX Graphics (DPC,SPQR)
(/usr/local/texlive/2024/texmf-dist/tex/latex/graphics/keyval.sty
Package: keyval 2022/05/29 v1.15 key=value parser (DPC)
\KV@toks@=\toks17
) (/usr/local/texlive/2024/texmf-dist/tex/latex/graphics/graphics.sty
Package: graphics 2022/03/10 v1.4e Standard LaTeX Graphics (DPC,SPQR)
(/usr/local/texlive/2024/texmf-dist/tex/latex/graphics/trig.sty
Package: trig 2021/08/11 v1.11 sin cos tan (DPC)
) (/usr/local/texlive/2024/texmf-dist/tex/latex/graphics-cfg/graphics.cfg
File: graphics.cfg 2016/06/04 v1.11 sample graphics configuration
)
Package graphics Info: Driver file: dvips.def on input line 107.
(/usr/local/texlive/2024/texmf-dist/tex/latex/graphics-def/dvips.def
File: dvips.def 2022/09/22 v3.1e Graphics/color driver for dvips
))
\Gin@req@height=\dimen141
\Gin@req@width=\dimen142
)
\epsfxsize=\dimen143
\epsfysize=\dimen144
) (/usr/local/texlive/2024/texmf-dist/tex/latex/base/inputenc.sty
Package: inputenc 2021/02/14 v1.3d Input encoding file
\inpenc@prehook=\toks18
\inpenc@posthook=\toks19
) (/usr/local/texlive/2024/texmf-dist/tex/latex/xcolor/xcolor.sty
Package: xcolor 2023/11/15 v3.01 LaTeX color extensions (UK)
(/usr/local/texlive/2024/texmf-dist/tex/latex/graphics-cfg/color.cfg
File: color.cfg 2016/01/02 v1.6 sample color configuration
)
Package xcolor Info: Driver file: dvips.def on input line 274.
(/usr/local/texlive/2024/texmf-dist/tex/latex/graphics/mathcolor.ltx)
Package xcolor Info: Model `cmy' substituted by `cmy0' on input line 1350.
Package xcolor Info: Model `RGB' extended on input line 1366.
Package xcolor Info: Model `HTML' substituted by `rgb' on input line 1368.
Package xcolor Info: Model `Hsb' substituted by `hsb' on input line 1369.
Package xcolor Info: Model `tHsb' substituted by `hsb' on input line 1370.
Package xcolor Info: Model `HSB' substituted by `hsb' on input line 1371.
Package xcolor Info: Model `Gray' substituted by `gray' on input line 1372.
Package xcolor Info: Model `wave' substituted by `hsb' on input line 1373.
) (/Users/mignone/PLUTO/Doc/Doxygen/pluto.sty (/usr/local/texlive/2024/texmf-di
st/tex/latex/amsmath/amsmath.sty
Package: amsmath 2023/05/13 v2.17o AMS math features
\@mathmargin=\skip50
For additional information on amsmath, use the `?' option.
(/usr/local/texlive/2024/texmf-dist/tex/latex/amsmath/amstext.sty
Package: amstext 2021/08/26 v2.01 AMS text
(/usr/local/texlive/2024/texmf-dist/tex/latex/amsmath/amsgen.sty
File: amsgen.sty 1999/11/30 v2.0 generic functions
\@emptytoks=\toks20
\ex@=\dimen145
)) (/usr/local/texlive/2024/texmf-dist/tex/latex/amsmath/amsbsy.sty
Package: amsbsy 1999/11/29 v1.2d Bold Symbols
\pmbraise@=\dimen146
) (/usr/local/texlive/2024/texmf-dist/tex/latex/amsmath/amsopn.sty
Package: amsopn 2022/04/08 v2.04 operator names
)
\inf@bad=\count196
LaTeX Info: Redefining \frac on input line 234.
\uproot@=\count197
\leftroot@=\count198
LaTeX Info: Redefining \overline on input line 399.
LaTeX Info: Redefining \colon on input line 410.
\classnum@=\count199
\DOTSCASE@=\count266
LaTeX Info: Redefining \ldots on input line 496.
LaTeX Info: Redefining \dots on input line 499.
LaTeX Info: Redefining \cdots on input line 620.
\Mathstrutbox@=\box51
\strutbox@=\box52
LaTeX Info: Redefining \big on input line 722.
LaTeX Info: Redefining \Big on input line 723.
LaTeX Info: Redefining \bigg on input line 724.
LaTeX Info: Redefining \Bigg on input line 725.
\big@size=\dimen147
LaTeX Font Info:    Redeclaring font encoding OML on input line 743.
LaTeX Font Info:    Redeclaring font encoding OMS on input line 744.
\macc@depth=\count267
LaTeX Info: Redefining \bmod on input line 905.
LaTeX Info: Redefining \pmod on input line 910.
LaTeX Info: Redefining \smash on input line 940.
LaTeX Info: Redefining \relbar on input line 970.
LaTeX Info: Redefining \Relbar on input line 971.
\c@MaxMatrixCols=\count268
\dotsspace@=\muskip16
\c@parentequation=\count269
\dspbrk@lvl=\count270
\tag@help=\toks21
\row@=\count271
\column@=\count272
\maxfields@=\count273
\andhelp@=\toks22
\eqnshift@=\dimen148
\alignsep@=\dimen149
\tagshift@=\dimen150
\tagwidth@=\dimen151
\totwidth@=\dimen152
\lineht@=\dimen153
\@envbody=\toks23
\multlinegap=\skip51
\multlinetaggap=\skip52
\mathdisplay@stack=\toks24
LaTeX Info: Redefining \[ on input line 2953.
LaTeX Info: Redefining \] on input line 2954.
) (/usr/local/texlive/2024/texmf-dist/tex/latex/amsfonts/amssymb.sty
Package: amssymb 2013/01/14 v3.01 AMS font symbols
(/usr/local/texlive/2024/texmf-dist/tex/latex/amsfonts/amsfonts.sty
Package: amsfonts 2013/01/14 v3.01 Basic AMSFonts support
\symAMSa=\mathgroup4
\symAMSb=\mathgroup5
LaTeX Font Info:    Redeclaring math symbol \hbar on input line 98.
LaTeX Font Info:    Overwriting math alphabet `\mathfrak' in version `bold'
(Font)                  U/euf/m/n --> U/euf/b/n on input line 106.
)) (/usr/local/texlive/2024/texmf-dist/tex/latex/base/alltt.sty
Package: alltt 2021/01/29 v2.0g defines alltt environment
) (/usr/local/texlive/2024/texmf-dist/tex/latex/psnfss/palatino.sty
Package: palatino 2020/03/25 PSNFSS-v9.3 (SPQR) 
))
(/usr/local/texlive/2024/texmf-dist/tex/latex/newunicodechar/newunicodechar.sty
Package: newunicodechar 2018/04/08 v1.2 Defining Unicode characters
)
LaTeX Font Info:    Trying to load font information for OT1+ppl on input line 3
5.
(/usr/local/texlive/2024/texmf-dist/tex/latex/psnfss/ot1ppl.fd
File: ot1ppl.fd 2001/06/04 font definitions for OT1/ppl.
) (/usr/local/texlive/2024/texmf-dist/tex/latex/l3backend/l3backend-dvips.def
File: l3backend-dvips.def 2024-02-20 L3 backend support: dvips
\l__pdf_internal_box=\box53
\g__pdf_backend_object_int=\count274
\l__pdf_backend_content_box=\box54
\l__pdf_backend_model_box=\box55
\g__pdf_backend_annotation_int=\count275
\g__pdf_backend_link_int=\count276
\g__pdf_backend_link_sf_int=\count277
)
No file _formulas_dark.aux.
\openout1 = `_formulas_dark.aux'.

LaTeX Font Info:    Checking defaults for OML/cmm/m/it on input line 35.
LaTeX Font Info:    ... okay on input line 35.
LaTeX Font Info:    Checking defaults for OMS/cmsy/m/n on input line 35.
LaTeX Font Info:    ... okay on input line 35.
LaTeX Font Info:    Checking defaults for OT1/cmr/m/n on input line 35.
LaTeX Font Info:    ... okay on input line 35.
LaTeX Font Info:    Checking defaults for T1/cmr/m/n on input line 35.
LaTeX Font Info:    ... okay on input line 35.
LaTeX Font Info:    Checking defaults for TS1/cmr/m/n on input line 35.
LaTeX Font Info:    ... okay on input line 35.
LaTeX Font Info:    Checking defaults for OMX/cmex/m/n on input line 35.
LaTeX Font Info:    ... okay on input line 35.
LaTeX Font Info:    Checking defaults for U/cmr/m/n on input line 35.
LaTeX Font Info:    ... okay on input line 35.
LaTeX Font Info:    Trying to load font information for U+msa on input line 36.

(/usr/local/texlive/2024/texmf-dist/tex/latex/amsfonts/umsa.fd
File: umsa.fd 2013/01/14 v3.01 AMS symbols A
)
LaTeX Font Info:    Trying to load font information for U+msb on input line 36.

(/usr/local/texlive/2024/texmf-dist/tex/latex/amsfonts/umsb.fd
File: umsb.fd 2013/01/14 v3.01 AMS symbols B
) [1

] [2] [3] [4] [5] [6] [7]
Overfull \hbox (68.02727pt too wide) detected at line 84
\OML/cmm/m/it/10 B[] \OT1/cmr/m/n/10 = [][] \OMS/cmsy/m/n/10 ^^@ [][] \OML/cmm/
m/it/10 ;  B[] \OT1/cmr/m/n/10 = [][] \OMS/cmsy/m/n/10 ^^@ [][] \OML/cmm/m/it/1
0 ;  B[] \OT1/cmr/m/n/10 = [][] \OMS/cmsy/m/n/10 ^^@ [][]
 []

[8] [9]
! Missing $ inserted.
<inserted text> 
                $
l.92 
     
I've inserted a begin-math/end-math symbol since I think
you left one out. Proceed, with fingers crossed.

! Display math should end with $$.
<to be read again> 
                   \tex_par:D 
l.92 
     
The `$' that I just saw supposedly matches a previous `$$'.
So I shall assume that you typed `$$' both times.


! LaTeX Error: Bad math environment delimiter.

See the LaTeX manual or LaTeX Companion for explanation.
Type  H <return>  for immediate help.
 ...                                              
                                                  
l.98 \]
       
Your command was ignored.
Type  I <command> <return>  to replace it with another command,
or  <return>  to continue without it.

! Missing $ inserted.
<inserted text> 
                $
l.98 \]
       
I've inserted something that you may have forgotten.
(See the <inserted text> above.)
With luck, this will get me unwedged. But if you
really didn't forget anything, try typing `2' now; then
my insertion and my current dilemma will both disappear.

! Display math should end with $$.
<to be read again> 
                   \endgroup 
l.98 \]
       
The `$' that I just saw supposedly matches a previous `$$'.
So I shall assume that you typed `$$' both times.

[10] [11] [12]
Overfull \hbox (70.92326pt too wide) detected at line 119
\OML/cmm/m/it/10 dp[]=dt[] \OT1/cmr/m/n/10 = \OMS/cmsy/m/n/10 ^^@\OT1/cmr/m/n/1
0 (^^@ \OMS/cmsy/m/n/10 ^^@ \OT1/cmr/m/n/10 1)^^C(\OML/cmm/m/it/10 ^^Z[]; T[]\O
T1/cmr/m/n/10 ) [] ^^C = []\OML/cmm/m/it/10 ^^Z[][] ;  a[] \OT1/cmr/m/n/10 = 2\
OML/cmm/m/it/10 :e \OMS/cmsy/m/n/10 ^^@ \OT1/cmr/m/n/10 27\OML/cmm/m/it/10 c:g:
s
 []

[13] [14] [15] [16] [17] [18] [19] [20] [21] [22] [23] [24] [25] [26] [27] [28]
[29] [30] [31]

LaTeX Font Warning: Command \Large invalid in math mode on input line 181.


LaTeX Font Warning: Command \Large invalid in math mode on input line 183.


Overfull \hbox (40.36397pt too wide) detected at line 184
[]
 []

[32] [33] [34] [35] [36] [37] [38] [39] [40] [41] [42] [43] [44] [45] [46] [47]
[48] [49] [50] [51] [52] [53] [54] [55]
Overfull \hbox (22.88124pt too wide) detected at line 291
[] \OT1/cmr/m/n/10 + \OMS/cmsy/m/n/10 r ^^A [] \OT1/cmr/m/n/10 = 0  =[]\OMS/cms
y/m/n/10 )  []
 []

[56] [57] [58] [59] [60] [61]
Overfull \hbox (69.32982pt too wide) detected at line 372
[] \OT1/cmr/m/n/10 + \OMS/cmsy/m/n/10 r ^^A [] \OT1/cmr/m/n/10 = 0  =[]\OMS/cms
y/m/n/10 )  []
 []

[62] [63] [64] [65] [66] [67] [68]
Overfull \hbox (28.95798pt too wide) detected at line 443
\OML/cmm/m/it/10 f\OT1/cmr/m/n/10 (\OML/cmm/m/it/10 T\OT1/cmr/m/n/10 ) = \OML/c
mm/m/it/10 ^^Ze \OMS/cmsy/m/n/10 ^^@ \OML/cmm/m/it/10 ^^Ze\OT1/cmr/m/n/10 (\OML
/cmm/m/it/10 T; ^^Z\OT1/cmr/m/n/10 ) = 0  =[]\OMS/cmsy/m/n/10 )  \OML/cmm/m/it/
10 T[] \OT1/cmr/m/n/10 = \OML/cmm/m/it/10 T\OT1/cmr/m/n/10 (\OML/cmm/m/it/10 x[
]; y[]\OT1/cmr/m/n/10 )  []
 []

[69] [70]
Overfull \hbox (91.38644pt too wide) detected at line 462
\OT1/cmr/m/n/10 ^^@[] = [][]\OML/cmm/m/it/10 ^^_[] \OT1/cmr/m/n/10 + \OML/cmm/m
/it/10 ^^_[] [] ^^_[] \OT1/cmr/m/n/10 = [][] = 1 \OMS/cmsy/m/n/10 ^^@ [] \OT1/c
mr/m/n/10 ;  \OML/cmm/m/it/10 ^^_[] \OT1/cmr/m/n/10 = [][] = 1 \OMS/cmsy/m/n/10
 ^^@ [] \OT1/cmr/m/n/10 ; 
 []

[71] [72] [73] [74] [75]
Overfull \hbox (44.02997pt too wide) detected at line 488
\OML/cmm/m/it/10 f\OT1/cmr/m/n/10 (\OML/cmm/m/it/10 T\OT1/cmr/m/n/10 ) = \OML/c
mm/m/it/10 T \OMS/cmsy/m/n/10 ^^@ []\OML/cmm/m/it/10 K^^V\OT1/cmr/m/n/10 (\OML/
cmm/m/it/10 T; ^^Z\OT1/cmr/m/n/10 ) = 0  =[]\OMS/cmsy/m/n/10 )  \OML/cmm/m/it/1
0 T[] \OT1/cmr/m/n/10 = \OML/cmm/m/it/10 T\OT1/cmr/m/n/10 (\OML/cmm/m/it/10 x[]
; y[]\OT1/cmr/m/n/10 )  []
 []

[76] [77] [78] [79] [80] [81] [82] [83] [84] [85] [86] [87]
Overfull \hbox (133.44731pt too wide) detected at line 552
[] \OT1/cmr/m/n/10 = [][]  =[]\OMS/cmsy/m/n/10 )  [] ^^@ [] \OT1/cmr/m/n/10 = [
][] \OMS/cmsy/m/n/10 ! \OT1/cmr/m/n/10 0 [] \OML/cmm/m/it/10 T \OMS/cmsy/m/n/10
 ! \OT1/cmr/m/n/10 0
 []

[88] [89] [90] [91] [92] [93] [94] [95]
Overfull \hbox (90.83499pt too wide) detected at line 590
[] [] \OML/cmm/m/it/10 < \OT1/cmr/m/n/10 0 []  [] [] \OML/cmm/m/it/10 < ^^O[] [
] []
 []

[96] [97] [98] [99]
Overfull \hbox (18.2897pt too wide) detected at line 608
[] \OT1/cmr/m/n/10 = [] \OMS/cmsy/m/n/10 ^^@ \OML/cmm/m/it/10 c[][] [] c[] \OT1
/cmr/m/n/10 = \OML/cmm/m/it/10 ^^U[] []
 []

[100] [101] [102] [103] [104] [105] [106] [107] [108] [109] [110] [111] [112] [
113] [114] [115] [116] [117] [118] [119] [120] [121] [122] [123] [124] [125] [1
26] [127] [128] [129] [130] [131] [132] [133] [134] [135] [136] [137] [138]
Overfull \hbox (29.80444pt too wide) detected at line 771
[] \OT1/cmr/m/n/10 = [] [] \OML/cmm/m/it/10 B\OT1/cmr/m/n/10 (\OML/cmm/m/it/10 
R\OT1/cmr/m/n/10 )\OML/cmm/m/it/10 RdR [] B\OT1/cmr/m/n/10 (\OML/cmm/m/it/10 R\
OT1/cmr/m/n/10 ) = \OML/cmm/m/it/10 B[][] \OT1/cmr/m/n/10 + \OML/cmm/m/it/10 B[
][]
 []

[139] [140] [141] [142] [143] [144] [145] [146]
Overfull \hbox (5.84682pt too wide) detected at line 815
[] \OMS/cmsy/m/n/10 r ^^A [] \OML/cmm/m/it/10 d[]x \OT1/cmr/m/n/10 = ^^A\OML/cm
m/m/it/10 y\OT1/cmr/m/n/10 ^^A\OML/cmm/m/it/10 z [] \OT1/cmr/m/n/10 + ^^A\OML/c
mm/m/it/10 x\OT1/cmr/m/n/10 ^^A\OML/cmm/m/it/10 z [] \OT1/cmr/m/n/10 + ^^A\OML/
cmm/m/it/10 x\OT1/cmr/m/n/10 ^^A\OML/cmm/m/it/10 y []
 []

[147] [148]
Overfull \hbox (123.76372pt too wide) detected at line 830
[] \OMS/cmsy/m/n/10 r ^^A [] \OML/cmm/m/it/10 d[]x \OT1/cmr/m/n/10 = ^^A\OML/cm
m/m/it/10 ^^V\OT1/cmr/m/n/10 ^^A\OML/cmm/m/it/10 ^^^[]r[]B[] \OMS/cmsy/m/n/10 ^
^@ \OML/cmm/m/it/10 r[]B[][] \OT1/cmr/m/n/10 + ^^A [] ^^A\OML/cmm/m/it/10 ^^^[]
 [] ^^R[]B[] \OMS/cmsy/m/n/10 ^^@ [] \OML/cmm/m/it/10 ^^R[]B[][] \OT1/cmr/m/n/1
0 + ^^A [] ^^A\OML/cmm/m/it/10 ^^R[]B[] \OMS/cmsy/m/n/10 ^^@ \OML/cmm/m/it/10 B
[][]
 []

[149] [150] [151]
Overfull \hbox (75.71988pt too wide) detected at line 864
\OMS/cmsy/m/n/10 r ^^A \OT1/cmr/m/n/10 ([][]) = [] [] + [] [] + [] []  =[]\OMS/
cmsy/m/n/10 )  [] [] []
 []

[152]
Overfull \hbox (31.28854pt too wide) detected at line 888
\OMS/cmsy/m/n/10 r ^^B [] \OT1/cmr/m/n/10 = [] [] + [] [] + [] []  =[]\OMS/cmsy
/m/n/10 )  [] [] []
 []

[153]
Overfull \hbox (321.87456pt too wide) detected at line 917
\OMS/cmsy/m/n/10 r ^^B [] \OT1/cmr/m/n/10 = \OMS/cmsy/m/n/10 r ^^A [] \OT1/cmr/
m/n/10 = [] [] + [] [] + [] []  =[]\OMS/cmsy/m/n/10 )  [] [] []
 []

[154] [155] [156] [157]
Overfull \hbox (125.84312pt too wide) detected at line 963
[]
 []

[158] [159] [160]
! Missing $ inserted.
<inserted text> 
                $
l.976 
      
I've inserted a begin-math/end-math symbol since I think
you left one out. Proceed, with fingers crossed.

! Display math should end with $$.
<to be read again> 
                   \tex_par:D 
l.976 
      
The `$' that I just saw supposedly matches a previous `$$'.
So I shall assume that you typed `$$' both times.

! Missing $ inserted.
<inserted text> 
                $
l.977          a_
                 {13} = r_i \quad\to\quad  |r_i|.
I've inserted a begin-math/end-math symbol since I think
you left one out. Proceed, with fingers crossed.

! Missing $ inserted.
<inserted text> 
                $
l.978       \]
              
I've inserted something that you may have forgotten.
(See the <inserted text> above.)
With luck, this will get me unwedged. But if you
really didn't forget anything, try typing `2' now; then
my insertion and my current dilemma will both disappear.

[161] [162] [163] [164] [165] [166] [167] [168] [169] [170] [171] [172] [173] [
174] [175]
Overfull \hbox (57.39023pt too wide) detected at line 1052
[] \OT1/cmr/m/n/10 = \OMS/cmsy/m/n/10 ^^@r ^^B [] \OT1/cmr/m/n/10 = [] [] + [] 
[] + [] []  \OML/cmm/m/it/10 ;  []
 []

[176] [177] [178]
Overfull \hbox (90.8092pt too wide) detected at line 1066
[] \OT1/cmr/m/n/10 = \OMS/cmsy/m/n/10 ^^@r ^^A []\OT1/cmr/m/n/10 (\OML/cmm/m/it
/10 ^^Q \OMS/cmsy/m/n/10 ^^A []\OT1/cmr/m/n/10 ) \OMS/cmsy/m/n/10 ^^B [][] \OT1
/cmr/m/n/10 = \OMS/cmsy/m/n/10 ^^@[] [] ^^@ [] [] ^^@ [] []
 []

[179] [180] [181] [182] [183] [184] [185] [186] [187]
Overfull \hbox (25.82878pt too wide) detected at line 1106
[] \OT1/cmr/m/n/10 + [] \OMS/cmsy/m/n/10 ^^A r\OML/cmm/m/it/10 p \OT1/cmr/m/n/1
0 + ^^@\OML/cmm/m/it/10 p\OMS/cmsy/m/n/10 r ^^A [] \OT1/cmr/m/n/10 = (^^@ \OMS/
cmsy/m/n/10 ^^@ \OT1/cmr/m/n/10 1) []
 []

[188] [189] [190] [191] [192] [193] [194] [195] [196] [197] [198] [199] [200]
Overfull \hbox (9.66028pt too wide) detected at line 1175
\OML/cmm/m/it/10 E[] \OMS/cmsy/m/n/10 ! [] []  \OML/cmm/m/it/10 ;  E[] \OMS/cms
y/m/n/10 ! [] []
 []

[201] [202] [203] [204] [205] [206] [207] [208] [209] [210] [211] [212] [213] [
214] [215] [216] [217] [218] [219]
Overfull \hbox (105.84268pt too wide) detected at line 1274
[] \OT1/cmr/m/n/10 = \OMS/cmsy/m/n/10 ^^@r ^^B [] ^^Q ^^@r ^^A \OT1/cmss/m/n/10
 M [] M \OT1/cmr/m/n/10 = []  [] \OT1/cmss/m/n/10 M[] \OT1/cmr/m/n/10 = ([] \OM
S/cmsy/m/n/10 ^^B []\OT1/cmr/m/n/10 ) \OMS/cmsy/m/n/10 ^^A []
 []

[220] [221] [222] [223] [224] [225] [226]
Overfull \hbox (181.868pt too wide) detected at line 1345
[]  \OT1/cmr/m/n/10 =[]\OMS/cmsy/m/n/10 )  []
 []

[227] [228] [229] [230] [231] [232] [233] [234] [235]
Overfull \hbox (78.77728pt too wide) detected at line 1395
\OML/cmm/m/it/10 F\OT1/cmr/m/n/10 (\OML/cmm/m/it/10 x\OT1/cmr/m/n/10 )\OML/cmm/
m/it/10 G\OT1/cmr/m/n/10 (\OML/cmm/m/it/10 y\OT1/cmr/m/n/10 ) = [] [][] \OML/cm
m/m/it/10 f\OT1/cmr/m/n/10 (\OML/cmm/m/it/10 x\OT1/cmr/m/n/10 ) \OML/cmm/m/it/1
0 dx [] [][] g\OT1/cmr/m/n/10 (\OML/cmm/m/it/10 y\OT1/cmr/m/n/10 ) \OML/cmm/m/i
t/10 dy [] N[] \OT1/cmr/m/n/10 = [][] \OML/cmm/m/it/10 f\OT1/cmr/m/n/10 (\OML/c
mm/m/it/10 x\OT1/cmr/m/n/10 )\OML/cmm/m/it/10 dx;  N[] \OT1/cmr/m/n/10 = [][] \
OML/cmm/m/it/10 g\OT1/cmr/m/n/10 (\OML/cmm/m/it/10 y\OT1/cmr/m/n/10 )\OML/cmm/m
/it/10 dy; 
 []

[236] [237] [238] [239]
Overfull \hbox (56.45842pt too wide) detected at line 1425
\OML/cmm/m/it/10 ^^_ \OT1/cmr/m/n/10 = \OML/cmm/m/it/10 CE[]  \OMS/cmsy/m/n/10 
!  [][] \OT1/cmr/m/n/10 = [] [][] \OML/cmm/m/it/10 E[] dE \OT1/cmr/m/n/10 = []
 []

[240] [241]
Overfull \hbox (48.20383pt too wide) detected at line 1436
[] \OT1/cmr/m/n/10 = [][] \OML/cmm/m/it/10 ^^_ dE \OT1/cmr/m/n/10 = [] ^^A\OML/
cmm/m/it/10 E[] [][] \OT1/cmr/m/n/10 = \OML/cmm/m/it/10 C\OT1/cmr/m/n/10 (\OML/
cmm/m/it/10 E[] \OMS/cmsy/m/n/10 ^^@ \OML/cmm/m/it/10 E[]\OT1/cmr/m/n/10 )  \OM
S/cmsy/m/n/10 !  \OML/cmm/m/it/10 C \OT1/cmr/m/n/10 = [][]
 []

[242] [243] [244] [245] [246] [247] [248] [249] [250] [251] [252] [253] [254] [
255] [256]
Overfull \hbox (28.91095pt too wide) detected at line 1500
[]
 []

[257] [258]
Overfull \hbox (99.82144pt too wide) detected at line 1519
\OML/cmm/m/it/10 [] \OT1/cmr/m/n/10 = 1 \OMS/cmsy/m/n/10 ^^@ \OML/cmm/m/it/10 
b[]T[]\OT1/cmr/m/n/10 (\OML/cmm/m/it/10 w[]\OT1/cmr/m/n/10 )\OML/cmm/m/it/10 ; 
 w[] \OT1/cmr/m/n/10 = 1 + \OML/cmm/m/it/10 ^^O=s[];  w[] \OT1/cmr/m/n/10 = \OM
L/cmm/m/it/10 T[]\OT1/cmr/m/n/10 (\OML/cmm/m/it/10 w[]\OT1/cmr/m/n/10 )\OML/cmm
/m/it/10 =T[]\OT1/cmr/m/n/10 (\OML/cmm/m/it/10 w[]\OT1/cmr/m/n/10 )\OML/cmm/m/i
t/10 ;  b[] \OT1/cmr/m/n/10 = \OML/cmm/m/it/10 T[]\OT1/cmr/m/n/10 (\OML/cmm/m/i
t/10 w[]\OT1/cmr/m/n/10 )\OML/cmm/m/it/10 =\OT1/cmr/m/n/10 (\OML/cmm/m/it/10 T[
]\OT1/cmr/m/n/10 (\OML/cmm/m/it/10 w[]\OT1/cmr/m/n/10 ))[]\OML/cmm/m/it/10 ;  b
\OT1/cmr/m/n/10 0 = \OML/cmm/m/it/10 b\OT1/cmr/m/n/10 1 = \OML/cmm/m/it/10 b\OT
1/cmr/m/n/10 2\OML/cmm/m/it/10 ;  ^^O \OT1/cmr/m/n/10 = 2\OML/cmm/m/it/10 =\OT1
/cmr/m/n/10 13
 []

[259]
Overfull \hbox (79.91708pt too wide) detected at line 1527
\OML/cmm/m/it/10 T[]\OT1/cmr/m/n/10 (\OML/cmm/m/it/10 x\OT1/cmr/m/n/10 ) = [](\
OML/cmm/m/it/10 j[]\OT1/cmr/m/n/10 )\OML/cmm/m/it/10 ;  T[]\OT1/cmr/m/n/10 (\OM
L/cmm/m/it/10 x\OT1/cmr/m/n/10 ) = 1\OML/cmm/m/it/10 ;  T[]\OT1/cmr/m/n/10 (\OM
L/cmm/m/it/10 x\OT1/cmr/m/n/10 ) = \OML/cmm/m/it/10 x;  T[]\OT1/cmr/m/n/10 (\OM
L/cmm/m/it/10 x\OT1/cmr/m/n/10 ) = 2 \OMS/cmsy/m/n/10 ^^C \OML/cmm/m/it/10 x \O
MS/cmsy/m/n/10 ^^C \OML/cmm/m/it/10 T[]m\OT1/cmr/m/n/10 1(\OML/cmm/m/it/10 x\OT
1/cmr/m/n/10 ) \OMS/cmsy/m/n/10 ^^@ \OML/cmm/m/it/10 T[]m\OT1/cmr/m/n/10 2(\OML
/cmm/m/it/10 x\OT1/cmr/m/n/10 )\OML/cmm/m/it/10 ;  [] \OT1/cmr/m/n/10 j = 2\OML
/cmm/m/it/10 ; :::; \OT1/cmr/m/n/10 s
 []

[260] [261] [262] [263]
Overfull \hbox (64.81235pt too wide) detected at line 1563
[]
 []

[264]
Overfull \hbox (9.96712pt too wide) detected at line 1575
[]
 []

[265] [266] [267] [268] [269]
Overfull \hbox (88.70528pt too wide) detected at line 1606
\OT1/cmss/m/n/10 R[] \OT1/cmr/m/n/10 = []  \OML/cmm/m/it/10 ;  \OT1/cmss/m/n/10
 R[] \OT1/cmr/m/n/10 = []
 []

[270] [271] [272] [273] [274] [275] [276] [277] [278] [279] [280] [281] [282] [
283]
Overfull \hbox (29.34146pt too wide) detected at line 1659
[]  \OMS/cmsy/m/n/10 !  [] \OML/cmm/m/it/10  \OT1/cmr/m/n/10 = \OMS/cmsy/m/n/1
0 ^^@[][]\OML/cmm/m/it/10 ;  [] ^^L \OT1/cmr/m/n/10 = \OMS/cmsy/m/n/10 ^^@[][]
 []

[284] [285] [286]
Overfull \hbox (59.514pt too wide) detected at line 1675
\OML/cmm/m/it/10 x[] \OT1/cmr/m/n/10 = [][] = ([] \OML/cmm/m/it/10  [] ^^M\OT1
/cmr/m/n/10 ) \OML/cmm/m/it/10 x \OT1/cmr/m/n/10 + ([] \OML/cmm/m/it/10  [] ^^
M\OT1/cmr/m/n/10 ) \OML/cmm/m/it/10 y \OT1/cmr/m/n/10 + ([] \OML/cmm/m/it/10 ^^
M\OT1/cmr/m/n/10 )\OML/cmm/m/it/10 z \OT1/cmr/m/n/10 = 0  \OMS/cmsy/m/n/10 !  [
]
 []

[287] [288] [289] [290] [291] [292] [293] [294] [295] [296] [297] [298] [299] [
300] [301] [302] [303] [304] [305] [306] [307] [308] [309] [310] [311]
Overfull \hbox (50.42014pt too wide) detected at line 1766
\OML/cmm/m/it/10 V[] \OT1/cmr/m/n/10 = \OML/cmm/m/it/10 V[]  \OMS/cmsy/m/n/10 ^
^F  [][] \OML/cmm/m/it/10 d[] ;  [][] \OT1/cmr/m/n/10 = [] []  \OML/cmm/m/it/10
 ;  \OT1/cmr/m/n/10 ^^A\OML/cmm/m/it/10 V[] \OT1/cmr/m/n/10 = \OMS/cmsy/m/n/10 
^^F [] \OML/cmm/m/it/10 w[]
 []

[312] [313] [314] [315] [316]
Overfull \hbox (42.047pt too wide) detected at line 1798
[]
 []

[317] [318] [319] [320] [321] [322] [323] [324] [325] [326] [327] [328] [329] [
330] [331] [332] [333] [334] [335] [336] [337] [338] [339] [340] [341] [342] [3
43] [344] [345] [346] [347] [348] [349] [350] [351]
Overfull \hbox (13.258pt too wide) detected at line 1944
\OML/cmm/m/it/10 U[] \OT1/cmr/m/n/10 = \OML/cmm/m/it/10 U[] \OT1/cmr/m/n/10 + [
] [] = \OML/cmm/m/it/10 U[] \OMS/cmsy/m/n/10 ^^@ []L[] \OT1/cmr/m/n/10 + [] [] 
[]
 []

[352] [353] [354] [355] [356] [357] [358] [359] [360] [361] [362] [363] [364] [
365] [366] [367] [368] [369] [370] [371] [372] [373] [374] [375] [376] [377] [3
78] [379]
Overfull \hbox (188.91676pt too wide) detected at line 2083
\OMS/cmsy/m/n/10 r[] \OT1/cmr/m/n/10 = []  \OMS/cmsy/m/n/10 !  []
 []

[380] [381] [382]
Overfull \hbox (4.21161pt too wide) detected at line 2101
[][] \OMS/cmsy/m/n/10 ^^Y [] []  [][] \OT1/cmr/m/n/10 = [][]
 []

[383] [384]
Overfull \hbox (76.33232pt too wide) detected at line 2139
[]
 []

[385] (./_formulas_dark.aux)
 ***********
LaTeX2e <2023-11-01> patch level 1
L3 programming layer <2024-02-20>
 ***********
 ) 
Here is how much of TeX's memory you used:
 2957 strings out of 474117
 43816 string characters out of 5743709
 1935184 words of memory out of 5000000
 25288 multiletter control sequences out of 15000+600000
 567187 words of font info for 69 fonts, out of 8000000 for 9000
 1141 hyphenation exceptions out of 8191
 72i,13n,79p,229b,171s stack positions out of 10000i,1000n,20000p,200000b,200000s

Output written on _formulas_dark.dvi (385 pages, 139904 bytes).
